01022500 (0 of 531) --- NSE: 0.8069809256633204
01031500 (1 of 531) --- NSE: 0.8542510010129063
01047000 (2 of 531) --- NSE: 0.8326837557077206
01052500 (3 of 531) --- NSE: 0.84772981969013
01054200 (4 of 531) --- NSE: 0.6914918381934252
01055000 (5 of 531) --- NSE: 0.6960846853604913
01057000 (6 of 531) --- NSE: 0.7956592052377207
01073000 (7 of 531) --- NSE: 0.8526397061052412
01078000 (8 of 531) --- NSE: 0.7961918960858723
01123000 (9 of 531) --- NSE: 0.7391271939309557
01134500 (10 of 531) --- NSE: 0.7455300946731988
01137500 (11 of 531) --- NSE: 0.7675823121223794
01139000 (12 of 531) --- NSE: 0.7614061782827394
01139800 (13 of 531) --- NSE: 0.7389170322477794
01142500 (14 of 531) --- NSE: 0.7764935813414645
01144000 (15 of 531) --- NSE: 0.8231371465566102
01162500 (16 of 531) --- NSE: 0.7936940510328825
01169000 (17 of 531) --- NSE: 0.7888975282577496
01170100 (18 of 531) --- NSE: 0.8005206308347319
01181000 (19 of 531) --- NSE: 0.806473077098786
01187300 (20 of 531) --- NSE: 0.7666587682601603
01195100 (21 of 531) --- NSE: 0.7096342883555924
04296000 (22 of 531) --- NSE: 0.7971689858391018
01333000 (23 of 531) --- NSE: 0.7428509607906579
01350000 (24 of 531) --- NSE: 0.7662673433621271
01350080 (25 of 531) --- NSE: 0.690220647241935
01350140 (26 of 531) --- NSE: 0.7168492221049982
01365000 (27 of 531) --- NSE: 0.783590489217435
01411300 (28 of 531) --- NSE: 0.6032696779820306
01413500 (29 of 531) --- NSE: 0.8087207912049532
01414500 (30 of 531) --- NSE: 0.7215907629146389
01415000 (31 of 531) --- NSE: 0.7725314204285467
01423000 (32 of 531) --- NSE: 0.8614700944301503
01434025 (33 of 531) --- NSE: 0.7396140598761831
01435000 (34 of 531) --- NSE: 0.7953644491887214
01439500 (35 of 531) --- NSE: 0.8164726674278484
01440000 (36 of 531) --- NSE: 0.8189481840324708
01440400 (37 of 531) --- NSE: 0.8346441800588882
01451800 (38 of 531) --- NSE: 0.6554620172247103
01466500 (39 of 531) --- NSE: 0.4483758588524859
01484100 (40 of 531) --- NSE: 0.6177367384568797
01487000 (41 of 531) --- NSE: 0.8080471201288769
01491000 (42 of 531) --- NSE: 0.698232718261442
01510000 (43 of 531) --- NSE: 0.8540521271093058
01516500 (44 of 531) --- NSE: 0.7095384122531299
01518862 (45 of 531) --- NSE: 0.767378826071168
01532000 (46 of 531) --- NSE: 0.7068149348041994
01539000 (47 of 531) --- NSE: 0.8741302342170554
01542810 (48 of 531) --- NSE: 0.7821187136841516
01543000 (49 of 531) --- NSE: 0.8608813110717143
01543500 (50 of 531) --- NSE: 0.8594024678642385
01544500 (51 of 531) --- NSE: 0.8563660893280125
01545600 (52 of 531) --- NSE: 0.78353493994745
01547700 (53 of 531) --- NSE: 0.808557494610231
01548500 (54 of 531) --- NSE: 0.8760108397840214
01549500 (55 of 531) --- NSE: 0.8267242481479451
01550000 (56 of 531) --- NSE: 0.7876216126193346
01552000 (57 of 531) --- NSE: 0.7600839924799198
01552500 (58 of 531) --- NSE: 0.8057337192912082
01557500 (59 of 531) --- NSE: 0.830994904980398
01567500 (60 of 531) --- NSE: 0.7625287302333725
01568000 (61 of 531) --- NSE: 0.7956366940938544
01580000 (62 of 531) --- NSE: 0.7124360589334525
01583500 (63 of 531) --- NSE: 0.6463013873415406
01586610 (64 of 531) --- NSE: 0.7480139510458451
01591400 (65 of 531) --- NSE: 0.7150168517500626
01594950 (66 of 531) --- NSE: 0.7225804499343376
01596500 (67 of 531) --- NSE: 0.758806630576709
01605500 (68 of 531) --- NSE: 0.6459275130817763
01606500 (69 of 531) --- NSE: 0.672278540493217
01632000 (70 of 531) --- NSE: 0.5556824626827899
01632900 (71 of 531) --- NSE: 0.6157300407349907
01634500 (72 of 531) --- NSE: 0.6771140619845284
01638480 (73 of 531) --- NSE: 0.6839619738762949
01639500 (74 of 531) --- NSE: 0.7545869361117414
01644000 (75 of 531) --- NSE: 0.7551603892221619
01664000 (76 of 531) --- NSE: 0.8340846049375463
01666500 (77 of 531) --- NSE: 0.8097779617770671
01667500 (78 of 531) --- NSE: 0.8403436402426661
01669000 (79 of 531) --- NSE: 0.7101235055530705
01669520 (80 of 531) --- NSE: 0.5715278037559848
02011400 (81 of 531) --- NSE: 0.7927380195861506
02013000 (82 of 531) --- NSE: 0.7336277877190294
02014000 (83 of 531) --- NSE: 0.7680224676310782
02015700 (84 of 531) --- NSE: 0.7288656209119652
02016000 (85 of 531) --- NSE: 0.8040328877412598
02017500 (86 of 531) --- NSE: 0.7668260741509909
02018000 (87 of 531) --- NSE: 0.7028783174874622
02027000 (88 of 531) --- NSE: 0.7310833933928587
02027500 (89 of 531) --- NSE: 0.5687731361256563
02028500 (90 of 531) --- NSE: 0.6159046094083236
02038850 (91 of 531) --- NSE: 0.7305777565000817
02046000 (92 of 531) --- NSE: 0.6811298914834405
02051500 (93 of 531) --- NSE: 0.7513675897502288
02053200 (94 of 531) --- NSE: 0.7765795597869873
02053800 (95 of 531) --- NSE: 0.7550514234620499
02055100 (96 of 531) --- NSE: 0.6887417766620976
02056900 (97 of 531) --- NSE: 0.7786356381866872
02059500 (98 of 531) --- NSE: 0.6030643151126943
02064000 (99 of 531) --- NSE: 0.7146182275011417
02065500 (100 of 531) --- NSE: 0.6292201543212337
02069700 (101 of 531) --- NSE: 0.6068867765930496
02070000 (102 of 531) --- NSE: 0.54171459599619
02074500 (103 of 531) --- NSE: 0.5784096302122964
02077200 (104 of 531) --- NSE: 0.6983626109669154
02081500 (105 of 531) --- NSE: 0.7315748871722754
02082950 (106 of 531) --- NSE: 0.5888616521557464
02092500 (107 of 531) --- NSE: 0.56981177344627
02096846 (108 of 531) --- NSE: 0.6998479129149374
02102908 (109 of 531) --- NSE: 0.4718543748339845
02108000 (110 of 531) --- NSE: 0.5830768529783814
02111180 (111 of 531) --- NSE: 0.8150539829881832
02111500 (112 of 531) --- NSE: 0.821263179076315
02112120 (113 of 531) --- NSE: 0.8105928704366991
02112360 (114 of 531) --- NSE: 0.7975682851813408
02118500 (115 of 531) --- NSE: 0.8311463923564567
02125000 (116 of 531) --- NSE: 0.7062002719094194
02128000 (117 of 531) --- NSE: 0.572915248588536
02137727 (118 of 531) --- NSE: 0.8781335482840603
02140991 (119 of 531) --- NSE: 0.8244004202637252
02143000 (120 of 531) --- NSE: 0.8209758131702709
02143040 (121 of 531) --- NSE: 0.844847654148505
02149000 (122 of 531) --- NSE: 0.8006221727617753
02152100 (123 of 531) --- NSE: 0.7341139334899006
02177000 (124 of 531) --- NSE: 0.8184691315208728
02178400 (125 of 531) --- NSE: 0.8674261589363123
02193340 (126 of 531) --- NSE: 0.7688385054087797
02196000 (127 of 531) --- NSE: 0.7993893282056703
02198100 (128 of 531) --- NSE: 0.5963211121877621
02202600 (129 of 531) --- NSE: 0.630453257823668
02212600 (130 of 531) --- NSE: 0.797263785436638
02215100 (131 of 531) --- NSE: 0.7498185099941539
02216180 (132 of 531) --- NSE: 0.7229333263936955
02221525 (133 of 531) --- NSE: 0.7625562848908483
02231000 (134 of 531) --- NSE: 0.8442661270976969
02245500 (135 of 531) --- NSE: 0.4396448500385275
02246000 (136 of 531) --- NSE: 0.6628030487468839
02296500 (137 of 531) --- NSE: 0.7931984851581109
02297155 (138 of 531) --- NSE: 0.6554790220174833
02297310 (139 of 531) --- NSE: 0.7523463141156794
02298123 (140 of 531) --- NSE: 0.7541382143593538
02298608 (141 of 531) --- NSE: 0.7468329107548835
02299950 (142 of 531) --- NSE: 0.5880078675591662
02300700 (143 of 531) --- NSE: 0.5084935933604458
02342933 (144 of 531) --- NSE: 0.6485750169913584
02349900 (145 of 531) --- NSE: 0.5788046834292109
02350900 (146 of 531) --- NSE: -0.009031482097070498
02361000 (147 of 531) --- NSE: 0.7003497899140143
02363000 (148 of 531) --- NSE: 0.8057144913031313
02369800 (149 of 531) --- NSE: 0.5963518965022363
02371500 (150 of 531) --- NSE: 0.7940361241823148
02372250 (151 of 531) --- NSE: 0.7729071093368908
02374500 (152 of 531) --- NSE: 0.729649567012554
02381600 (153 of 531) --- NSE: 0.554919597439417
02384540 (154 of 531) --- NSE: 0.7835259245775371
02395120 (155 of 531) --- NSE: 0.7562103647317036
02415000 (156 of 531) --- NSE: 0.844631699287499
02427250 (157 of 531) --- NSE: 0.7895619681121689
02430085 (158 of 531) --- NSE: 0.6786297510828141
02450250 (159 of 531) --- NSE: 0.8055335932367016
02464000 (160 of 531) --- NSE: 0.7896344463116923
02464360 (161 of 531) --- NSE: 0.7203153064224406
02465493 (162 of 531) --- NSE: 0.5871635263530524
02469800 (163 of 531) --- NSE: 0.8279364603864541
02472000 (164 of 531) --- NSE: 0.8662404222219334
02472500 (165 of 531) --- NSE: 0.6262274089373862
02479155 (166 of 531) --- NSE: 0.5585821580094285
02479300 (167 of 531) --- NSE: 0.8027542851583863
02479560 (168 of 531) --- NSE: 0.7240498321769677
02481000 (169 of 531) --- NSE: 0.7178438561793227
02481510 (170 of 531) --- NSE: 0.8254516428039727
04015330 (171 of 531) --- NSE: 0.7081898525625007
04024430 (172 of 531) --- NSE: 0.7583091471139014
04027000 (173 of 531) --- NSE: 0.8669875784984826
04040500 (174 of 531) --- NSE: 0.8389638222921123
04043050 (175 of 531) --- NSE: 0.7237652934147163
04045500 (176 of 531) --- NSE: 0.8384163350924656
04057510 (177 of 531) --- NSE: 0.591505881161535
04057800 (178 of 531) --- NSE: 0.8208063768287593
04059500 (179 of 531) --- NSE: 0.8298766635136718
04063700 (180 of 531) --- NSE: 0.7347846977189223
04074950 (181 of 531) --- NSE: 0.7817800628425716
04105700 (182 of 531) --- NSE: 0.7406044667036127
04115265 (183 of 531) --- NSE: 0.6322585552553616
04122200 (184 of 531) --- NSE: 0.6793266642551974
04122500 (185 of 531) --- NSE: 0.7169271234748757
04127918 (186 of 531) --- NSE: 0.6039119517186831
04127997 (187 of 531) --- NSE: 0.6502853889970923
04161580 (188 of 531) --- NSE: 0.6822889107442666
04185000 (189 of 531) --- NSE: 0.8472938614857004
04196800 (190 of 531) --- NSE: 0.736251784486945
04197100 (191 of 531) --- NSE: 0.6902838768736089
04197170 (192 of 531) --- NSE: 0.6437245084049712
04213000 (193 of 531) --- NSE: 0.6124920462026326
04213075 (194 of 531) --- NSE: 0.2973000242758116
04216418 (195 of 531) --- NSE: 0.6668928128757208
04221000 (196 of 531) --- NSE: 0.8164547179859754
04224775 (197 of 531) --- NSE: 0.7282179565836766
04233000 (198 of 531) --- NSE: 0.8049835760921058
04256000 (199 of 531) --- NSE: 0.7692908709762528
03010655 (200 of 531) --- NSE: 0.8025039590785858
03011800 (201 of 531) --- NSE: 0.8017111073578336
03015500 (202 of 531) --- NSE: 0.7814955217672517
03021350 (203 of 531) --- NSE: 0.5874123745350569
03026500 (204 of 531) --- NSE: 0.7636199138613922
03028000 (205 of 531) --- NSE: 0.8175626593338197
03049000 (206 of 531) --- NSE: 0.7971292933909232
03049800 (207 of 531) --- NSE: 0.5635921747369769
03050000 (208 of 531) --- NSE: 0.7393760501118688
03069500 (209 of 531) --- NSE: 0.7767163327315809
03070500 (210 of 531) --- NSE: 0.749407518188344
03076600 (211 of 531) --- NSE: 0.7958428347802223
03078000 (212 of 531) --- NSE: 0.7947223843488684
03140000 (213 of 531) --- NSE: 0.6637595304721028
03144000 (214 of 531) --- NSE: 0.7513114086119226
03170000 (215 of 531) --- NSE: 0.7724105006272259
03173000 (216 of 531) --- NSE: 0.7343173065699609
03180500 (217 of 531) --- NSE: 0.7833405707846351
03182500 (218 of 531) --- NSE: 0.7947326097420992
03186500 (219 of 531) --- NSE: 0.7150028000348612
03237280 (220 of 531) --- NSE: 0.5547315274728832
03237500 (221 of 531) --- NSE: 0.7541621831096808
03238500 (222 of 531) --- NSE: 0.7250140972101974
03241500 (223 of 531) --- NSE: 0.7624519643719075
03280700 (224 of 531) --- NSE: 0.7859244179631575
03281500 (225 of 531) --- NSE: 0.8789587360342873
03285000 (226 of 531) --- NSE: 0.6648664728749185
03291780 (227 of 531) --- NSE: 0.7644856022608187
03338780 (228 of 531) --- NSE: 0.7786598698185531
03340800 (229 of 531) --- NSE: 0.7889885021886646
03346000 (230 of 531) --- NSE: 0.8086367860958388
03364500 (231 of 531) --- NSE: 0.7628192940883749
03366500 (232 of 531) --- NSE: 0.8290535184520892
03368000 (233 of 531) --- NSE: 0.7333768642998573
03384450 (234 of 531) --- NSE: 0.722654443779523
03439000 (235 of 531) --- NSE: 0.7861757026008814
03455500 (236 of 531) --- NSE: 0.7193561467185325
03456500 (237 of 531) --- NSE: 0.7883261829259787
03460000 (238 of 531) --- NSE: 0.792825678641862
03463300 (239 of 531) --- NSE: 0.6597249877719812
03471500 (240 of 531) --- NSE: 0.6882976909284877
03473000 (241 of 531) --- NSE: 0.7945581637861683
03479000 (242 of 531) --- NSE: 0.7720415396552083
03488000 (243 of 531) --- NSE: 0.6960052806842028
03498500 (244 of 531) --- NSE: 0.8344190864257719
03500000 (245 of 531) --- NSE: 0.8116815635380694
03500240 (246 of 531) --- NSE: 0.8322649702006849
03504000 (247 of 531) --- NSE: 0.8152732090727278
03574500 (248 of 531) --- NSE: 0.7802036169478348
03592718 (249 of 531) --- NSE: 0.7374955012042945
03604000 (250 of 531) --- NSE: 0.8605611175477491
05291000 (251 of 531) --- NSE: 0.5082838555628277
05362000 (252 of 531) --- NSE: 0.8266631072127533
05393500 (253 of 531) --- NSE: 0.804409398035213
05399500 (254 of 531) --- NSE: 0.6140048588332865
05408000 (255 of 531) --- NSE: 0.6355465186709411
05413500 (256 of 531) --- NSE: 0.7090798124798454
05414000 (257 of 531) --- NSE: 0.6709733984880462
05444000 (258 of 531) --- NSE: 0.6194897395813981
05454000 (259 of 531) --- NSE: 0.6768525650420029
05458000 (260 of 531) --- NSE: 0.7661092723903892
05466500 (261 of 531) --- NSE: 0.7302753587596155
05487980 (262 of 531) --- NSE: 0.7323889486579376
05488200 (263 of 531) --- NSE: 0.6957057424191959
05489000 (264 of 531) --- NSE: 0.7270581928320429
05495000 (265 of 531) --- NSE: 0.8071722700429724
05495500 (266 of 531) --- NSE: 0.6989632396002168
05501000 (267 of 531) --- NSE: 0.7795234633655386
05503800 (268 of 531) --- NSE: 0.6789397559487218
05507600 (269 of 531) --- NSE: 0.6830169280331118
05508805 (270 of 531) --- NSE: 0.8061237035719184
05525500 (271 of 531) --- NSE: 0.8033878368511913
05556500 (272 of 531) --- NSE: 0.7320892382912827
05584500 (273 of 531) --- NSE: 0.7380744955962388
05591550 (274 of 531) --- NSE: 0.7478706250317011
05592050 (275 of 531) --- NSE: 0.769633130581013
05592575 (276 of 531) --- NSE: 0.6742181107809232
05593575 (277 of 531) --- NSE: 0.7914278454864614
05593900 (278 of 531) --- NSE: 0.7435127506357287
05595730 (279 of 531) --- NSE: 0.7655934896348029
07291000 (280 of 531) --- NSE: 0.5755369397520552
07359610 (281 of 531) --- NSE: 0.7339320363895786
07362100 (282 of 531) --- NSE: 0.6446787092710062
07362587 (283 of 531) --- NSE: 0.737758449466316
07375000 (284 of 531) --- NSE: 0.4231008321479991
08013000 (285 of 531) --- NSE: 0.6528705092606475
08014500 (286 of 531) --- NSE: 0.5108121773708922
05057200 (287 of 531) --- NSE: 0.36815724891616153
05120500 (288 of 531) --- NSE: 0.273038944638307
06221400 (289 of 531) --- NSE: 0.9272280480229819
06224000 (290 of 531) --- NSE: 0.8599352885437198
06278300 (291 of 531) --- NSE: 0.7906249295463444
06280300 (292 of 531) --- NSE: 0.6848163528759668
06289000 (293 of 531) --- NSE: 0.7367327301810349
06291500 (294 of 531) --- NSE: 0.6961449286993924
06311000 (295 of 531) --- NSE: 0.6061889108342702
06332515 (296 of 531) --- NSE: -0.0925847621725937
06339100 (297 of 531) --- NSE: 0.32174038674951266
06344600 (298 of 531) --- NSE: 0.23651705415345214
06350000 (299 of 531) --- NSE: 0.4262589653691501
06352000 (300 of 531) --- NSE: 0.42887621828027633
06404000 (301 of 531) --- NSE: 0.7028323412098691
06406000 (302 of 531) --- NSE: 0.45004726068410517
06409000 (303 of 531) --- NSE: 0.311264925449799
06431500 (304 of 531) --- NSE: 0.0641679202300176
06440200 (305 of 531) --- NSE: 0.3604408388398598
06447500 (306 of 531) --- NSE: 0.35435763765035067
06470800 (307 of 531) --- NSE: 0.3498370855150379
06477500 (308 of 531) --- NSE: 0.5879953276691383
06479215 (309 of 531) --- NSE: 0.5865665886483853
06601000 (310 of 531) --- NSE: 0.25892052062526394
06614800 (311 of 531) --- NSE: 0.7797167229143331
06622700 (312 of 531) --- NSE: 0.7022412080583349
06623800 (313 of 531) --- NSE: 0.8533760519120561
06632400 (314 of 531) --- NSE: 0.732812650103744
06746095 (315 of 531) --- NSE: 0.8264933747241938
06803510 (316 of 531) --- NSE: 0.5973347369296316
06803530 (317 of 531) --- NSE: 0.6338353031003096
06814000 (318 of 531) --- NSE: 0.6383385419810679
06847900 (319 of 531) --- NSE: 0.13687108264375614
06853800 (320 of 531) --- NSE: 0.3033632525256321
06876700 (321 of 531) --- NSE: 0.32139007310372825
06878000 (322 of 531) --- NSE: 0.5060588826919274
06879650 (323 of 531) --- NSE: 0.4758899444276625
06885500 (324 of 531) --- NSE: 0.7518740089350324
06888500 (325 of 531) --- NSE: 0.6494530264445868
06889200 (326 of 531) --- NSE: 0.5401280822173109
06889500 (327 of 531) --- NSE: 0.6884942572019164
06892000 (328 of 531) --- NSE: 0.7567576388092496
06903400 (329 of 531) --- NSE: 0.696018782794358
06906800 (330 of 531) --- NSE: 0.6528414941934706
06910800 (331 of 531) --- NSE: 0.743693671971055
06911900 (332 of 531) --- NSE: 0.760122900897944
06917000 (333 of 531) --- NSE: 0.7888783256440304
06918460 (334 of 531) --- NSE: 0.4286444507521576
06919500 (335 of 531) --- NSE: 0.7615527607302826
06921070 (336 of 531) --- NSE: 0.7751995468312978
06921200 (337 of 531) --- NSE: 0.7522816742928073
07057500 (338 of 531) --- NSE: 0.675565056516598
07060710 (339 of 531) --- NSE: 0.6811071052120554
07066000 (340 of 531) --- NSE: 0.505653671858795
07083000 (341 of 531) --- NSE: 0.6739403601874878
07142300 (342 of 531) --- NSE: -1.7847468871293994
07145700 (343 of 531) --- NSE: 0.6378445949412286
07167500 (344 of 531) --- NSE: 0.7609237915796703
07180500 (345 of 531) --- NSE: 0.7932872874766528
07184000 (346 of 531) --- NSE: 0.6166473766648704
07195800 (347 of 531) --- NSE: 0.5932461039793526
07196900 (348 of 531) --- NSE: 0.723178963172212
07197000 (349 of 531) --- NSE: 0.7826752325790669
07208500 (350 of 531) --- NSE: 0.606407091959632
07261000 (351 of 531) --- NSE: 0.7347369985583704
07263295 (352 of 531) --- NSE: 0.7933438456957851
07299670 (353 of 531) --- NSE: 0.40785733022626347
07301410 (354 of 531) --- NSE: 0.31160211090964485
07315200 (355 of 531) --- NSE: 0.33389091512322844
07315700 (356 of 531) --- NSE: 0.7970659926061014
07335700 (357 of 531) --- NSE: 0.7348268707592769
07340300 (358 of 531) --- NSE: 0.7621472493185902
07346045 (359 of 531) --- NSE: 0.8349529691705947
08023080 (360 of 531) --- NSE: 0.7285484665680404
08050800 (361 of 531) --- NSE: 0.5438836740488586
08066200 (362 of 531) --- NSE: 0.635307223472811
08066300 (363 of 531) --- NSE: 0.08906182357842418
08070000 (364 of 531) --- NSE: 0.5651690155379492
08070200 (365 of 531) --- NSE: 0.45316327434074055
08082700 (366 of 531) --- NSE: 0.5340726148395374
08086212 (367 of 531) --- NSE: 0.3950532478579565
08086290 (368 of 531) --- NSE: 0.5631126240063988
08101000 (369 of 531) --- NSE: 0.6279710364028648
08103900 (370 of 531) --- NSE: 0.6483149827006809
08104900 (371 of 531) --- NSE: 0.4998739345631511
08109700 (372 of 531) --- NSE: 0.650222494271592
08150800 (373 of 531) --- NSE: 0.08234280618491652
08158700 (374 of 531) --- NSE: 0.6122111971021411
08158810 (375 of 531) --- NSE: 0.58065785172676
08164300 (376 of 531) --- NSE: 0.4471576217862655
08164600 (377 of 531) --- NSE: 0.6452208182789356
08165300 (378 of 531) --- NSE: -1.4548784129494394
08171300 (379 of 531) --- NSE: 0.5411032395537549
08175000 (380 of 531) --- NSE: 0.6702928342916177
08176900 (381 of 531) --- NSE: 0.49791210380611484
08178880 (382 of 531) --- NSE: 0.5804722159522053
08189500 (383 of 531) --- NSE: 0.41117501322437944
08190000 (384 of 531) --- NSE: 0.2517865520809126
08190500 (385 of 531) --- NSE: 0.0924145780873794
08194200 (386 of 531) --- NSE: 0.4050226734345218
08195000 (387 of 531) --- NSE: 0.02189393321431876
08196000 (388 of 531) --- NSE: 0.01656653893501303
08198500 (389 of 531) --- NSE: 0.7788606820684318
08200000 (390 of 531) --- NSE: 0.5653163632425768
08202700 (391 of 531) --- NSE: 0.3483258227731696
08267500 (392 of 531) --- NSE: 0.7766843853533332
08269000 (393 of 531) --- NSE: 0.43252798145809335
08271000 (394 of 531) --- NSE: 0.8564668942076293
08324000 (395 of 531) --- NSE: 0.7157106160189745
08377900 (396 of 531) --- NSE: 0.6669168853151606
08378500 (397 of 531) --- NSE: 0.6977163221345604
08380500 (398 of 531) --- NSE: 0.4035775918634057
09035800 (399 of 531) --- NSE: 0.07305197719957734
09035900 (400 of 531) --- NSE: 0.7114472260556506
09047700 (401 of 531) --- NSE: 0.5874113690964691
09065500 (402 of 531) --- NSE: 0.7624906350422958
09066000 (403 of 531) --- NSE: 0.770570241657962
09066200 (404 of 531) --- NSE: 0.7199069302897171
09066300 (405 of 531) --- NSE: 0.7671849668922045
09081600 (406 of 531) --- NSE: 0.8845822842048557
09107000 (407 of 531) --- NSE: 0.7385655537567641
09210500 (408 of 531) --- NSE: 0.8779825274263989
09223000 (409 of 531) --- NSE: 0.9038566022412814
09306242 (410 of 531) --- NSE: -1.1113905627170837
09312600 (411 of 531) --- NSE: 0.6655156258689614
09352900 (412 of 531) --- NSE: 0.7283163310241512
09378170 (413 of 531) --- NSE: 0.7290940795415054
09386900 (414 of 531) --- NSE: 0.36512950566581326
09404450 (415 of 531) --- NSE: 0.8140656832974522
09430600 (416 of 531) --- NSE: 0.296730471413701
09447800 (417 of 531) --- NSE: -1.6821107757239382
09484600 (418 of 531) --- NSE: 0.1610410561724973
09492400 (419 of 531) --- NSE: 0.7389962203903186
09494000 (420 of 531) --- NSE: 0.691095596879491
09497980 (421 of 531) --- NSE: 0.7736800065531526
09505350 (422 of 531) --- NSE: 0.20412534618637368
09505800 (423 of 531) --- NSE: 0.4430163548718462
09508300 (424 of 531) --- NSE: 0.520324355903068
09510200 (425 of 531) --- NSE: 0.6245516124317645
09512280 (426 of 531) --- NSE: 0.16693092934247244
09513780 (427 of 531) --- NSE: 0.33039095421612363
10234500 (428 of 531) --- NSE: 0.8895072306018529
10244950 (429 of 531) --- NSE: 0.6345685987367062
10336645 (430 of 531) --- NSE: 0.8136109530730022
10336660 (431 of 531) --- NSE: 0.7388718841821833
10343500 (432 of 531) --- NSE: 0.5783122693655585
12010000 (433 of 531) --- NSE: 0.8616098623144193
12013500 (434 of 531) --- NSE: 0.8634375908718197
12020000 (435 of 531) --- NSE: 0.5373721533705673
12025700 (436 of 531) --- NSE: 0.8067614542959046
12035000 (437 of 531) --- NSE: 0.8551330720759309
12040500 (438 of 531) --- NSE: 0.7937874912101881
12041200 (439 of 531) --- NSE: 0.7557057153794917
12048000 (440 of 531) --- NSE: 0.6543280195666967
12054000 (441 of 531) --- NSE: 0.7037963269627912
12056500 (442 of 531) --- NSE: 0.6996293794134794
12073500 (443 of 531) --- NSE: 0.715987701175133
12082500 (444 of 531) --- NSE: 0.7805661895505448
12092000 (445 of 531) --- NSE: 0.748607374560845
12114500 (446 of 531) --- NSE: 0.7668295839895093
12115000 (447 of 531) --- NSE: 0.7983452925153579
12117000 (448 of 531) --- NSE: 0.8404096668506877
12143600 (449 of 531) --- NSE: 0.7664835554131579
12144000 (450 of 531) --- NSE: 0.802168351084684
12145500 (451 of 531) --- NSE: 0.8533164841191339
12147500 (452 of 531) --- NSE: 0.7262167996407747
12167000 (453 of 531) --- NSE: 0.7999621516254346
12175500 (454 of 531) --- NSE: 0.7260317921979943
12178100 (455 of 531) --- NSE: 0.6870676301927304
12186000 (456 of 531) --- NSE: 0.6561104120203354
12189500 (457 of 531) --- NSE: 0.7126781430832639
12375900 (458 of 531) --- NSE: 0.7730831204584809
12377150 (459 of 531) --- NSE: 0.8814679588492994
12381400 (460 of 531) --- NSE: 0.9021655483254474
12383500 (461 of 531) --- NSE: 0.8356825898837167
12390700 (462 of 531) --- NSE: 0.859827941497907
12411000 (463 of 531) --- NSE: 0.7988425274701588
12447390 (464 of 531) --- NSE: 0.7558232366147941
12451000 (465 of 531) --- NSE: 0.8162252333943132
12488500 (466 of 531) --- NSE: 0.7405421681898796
13011500 (467 of 531) --- NSE: 0.8279173479400521
13011900 (468 of 531) --- NSE: 0.8102519177004065
13018300 (469 of 531) --- NSE: 0.8447206695641456
13023000 (470 of 531) --- NSE: 0.9288099607203454
13161500 (471 of 531) --- NSE: 0.8477075207307684
13235000 (472 of 531) --- NSE: 0.8621517701939831
13240000 (473 of 531) --- NSE: 0.8727818101560039
13313000 (474 of 531) --- NSE: 0.8847168505728324
13331500 (475 of 531) --- NSE: 0.8941048473211666
14020000 (476 of 531) --- NSE: 0.8516353205166944
14096850 (477 of 531) --- NSE: 0.7385493435747933
14137000 (478 of 531) --- NSE: 0.7758307665523955
14138800 (479 of 531) --- NSE: 0.7257377114566173
14138870 (480 of 531) --- NSE: 0.7411366483928268
14138900 (481 of 531) --- NSE: 0.7485493357136423
14139800 (482 of 531) --- NSE: 0.792961553975001
14141500 (483 of 531) --- NSE: 0.7946264789985565
14154500 (484 of 531) --- NSE: 0.8848758265602151
14158790 (485 of 531) --- NSE: 0.8268827123012025
14166500 (486 of 531) --- NSE: 0.824197551800372
14182500 (487 of 531) --- NSE: 0.7757193156817166
14185000 (488 of 531) --- NSE: 0.8660496745762578
14185900 (489 of 531) --- NSE: 0.8620857479709235
14187000 (490 of 531) --- NSE: 0.884324012668968
14216500 (491 of 531) --- NSE: 0.8049749046645505
14222500 (492 of 531) --- NSE: 0.852517592765232
14236200 (493 of 531) --- NSE: 0.8506963099598115
14301000 (494 of 531) --- NSE: 0.9023619835393346
14303200 (495 of 531) --- NSE: 0.8283970415910048
14305500 (496 of 531) --- NSE: 0.8348465816618202
14306340 (497 of 531) --- NSE: 0.8169418050140987
14306500 (498 of 531) --- NSE: 0.896550956977883
14308990 (499 of 531) --- NSE: 0.5426849016684485
14309500 (500 of 531) --- NSE: 0.8587506328709913
14316700 (501 of 531) --- NSE: 0.8473046999484442
14325000 (502 of 531) --- NSE: 0.8787249418408674
14362250 (503 of 531) --- NSE: 0.8340956396418195
14400000 (504 of 531) --- NSE: 0.8820725602535313
10259000 (505 of 531) --- NSE: 0.5148012486532452
11124500 (506 of 531) --- NSE: 0.7267381816372123
11141280 (507 of 531) --- NSE: 0.7734727287155961
11143000 (508 of 531) --- NSE: 0.769519254922138
11148900 (509 of 531) --- NSE: 0.7773032999195961
11151300 (510 of 531) --- NSE: 0.48109991935426843
11176400 (511 of 531) --- NSE: 0.7588148232717025
11230500 (512 of 531) --- NSE: 0.8654906759017715
11237500 (513 of 531) --- NSE: 0.8261459525082322
11264500 (514 of 531) --- NSE: 0.8636360792945601
11266500 (515 of 531) --- NSE: 0.8469870921067756
11284400 (516 of 531) --- NSE: 0.7569210920165599
11381500 (517 of 531) --- NSE: 0.7657597493366305
11451100 (518 of 531) --- NSE: 0.830651725046879
11468500 (519 of 531) --- NSE: 0.8732709862851554
11473900 (520 of 531) --- NSE: 0.8470560376585915
11475560 (521 of 531) --- NSE: 0.804047319202188
11476600 (522 of 531) --- NSE: 0.9030455242972772
11478500 (523 of 531) --- NSE: 0.9119431118611703
11480390 (524 of 531) --- NSE: 0.8330599349887954
11481200 (525 of 531) --- NSE: 0.7912168794883467
11482500 (526 of 531) --- NSE: 0.8720991186797988
11522500 (527 of 531) --- NSE: 0.820830027205744
11523200 (528 of 531) --- NSE: 0.8161828786988712
11528700 (529 of 531) --- NSE: 0.8697152599571646
11532500 (530 of 531) --- NSE: 0.8866210049004153
Mean NSE:  0.6845149680051753
Median NSE:  0.743693671971055
Num Failures:  6
