01022500 (0 of 531) --- NSE: 0.7137252847897437
01031500 (1 of 531) --- NSE: 0.750468802455591
01047000 (2 of 531) --- NSE: 0.7821472661625847
01052500 (3 of 531) --- NSE: 0.7639297358298817
01054200 (4 of 531) --- NSE: 0.6213177840523461
01055000 (5 of 531) --- NSE: 0.6090769944187753
01057000 (6 of 531) --- NSE: 0.7506646142503979
01073000 (7 of 531) --- NSE: 0.8102049268193684
01078000 (8 of 531) --- NSE: 0.7346874130859944
01123000 (9 of 531) --- NSE: 0.73616074415194
01134500 (10 of 531) --- NSE: 0.716089423957954
01137500 (11 of 531) --- NSE: 0.730062796933624
01139000 (12 of 531) --- NSE: 0.7182916681887808
01139800 (13 of 531) --- NSE: 0.49355791075188593
01142500 (14 of 531) --- NSE: 0.6828198772547496
01144000 (15 of 531) --- NSE: 0.7949291722715237
01162500 (16 of 531) --- NSE: 0.6516834373855505
01169000 (17 of 531) --- NSE: 0.6770766860957569
01170100 (18 of 531) --- NSE: 0.6928246545438679
01181000 (19 of 531) --- NSE: 0.7221496369088498
01187300 (20 of 531) --- NSE: 0.6931405176593024
01195100 (21 of 531) --- NSE: 0.6275679447350451
04296000 (22 of 531) --- NSE: 0.7692328756658464
01333000 (23 of 531) --- NSE: 0.6879137374394944
01350000 (24 of 531) --- NSE: 0.653933331698997
01350080 (25 of 531) --- NSE: 0.6061145412022512
01350140 (26 of 531) --- NSE: 0.5892439629194306
01365000 (27 of 531) --- NSE: 0.7296692749073568
01411300 (28 of 531) --- NSE: 0.3588523318353779
01413500 (29 of 531) --- NSE: 0.711878921909976
01414500 (30 of 531) --- NSE: 0.6344067080882296
01415000 (31 of 531) --- NSE: 0.7150674470715466
01423000 (32 of 531) --- NSE: 0.7780833572233983
01434025 (33 of 531) --- NSE: 0.6354200233324722
01435000 (34 of 531) --- NSE: 0.6767245357671821
01439500 (35 of 531) --- NSE: 0.7039603960222012
01440000 (36 of 531) --- NSE: 0.7408428780842644
01440400 (37 of 531) --- NSE: 0.7696162203927559
01451800 (38 of 531) --- NSE: 0.7215820300347284
01466500 (39 of 531) --- NSE: -6.388935931284382
01484100 (40 of 531) --- NSE: 0.5300047849034174
01487000 (41 of 531) --- NSE: 0.4875697075229978
01491000 (42 of 531) --- NSE: 0.5339770421602397
01510000 (43 of 531) --- NSE: 0.7561763673356017
01516500 (44 of 531) --- NSE: 0.5107164562954322
01518862 (45 of 531) --- NSE: 0.610030954833426
01532000 (46 of 531) --- NSE: 0.5581316403234827
01539000 (47 of 531) --- NSE: 0.7935559135467938
01542810 (48 of 531) --- NSE: 0.5809716711392496
01543000 (49 of 531) --- NSE: 0.7177969882538116
01543500 (50 of 531) --- NSE: 0.734230693967842
01544500 (51 of 531) --- NSE: 0.7361624873721839
01545600 (52 of 531) --- NSE: 0.7701565767425451
01547700 (53 of 531) --- NSE: 0.6866652521965577
01548500 (54 of 531) --- NSE: 0.7858878543022252
01549500 (55 of 531) --- NSE: 0.6634391439775653
01550000 (56 of 531) --- NSE: 0.6213458067239906
01552000 (57 of 531) --- NSE: 0.7700004649618544
01552500 (58 of 531) --- NSE: 0.7134742116677883
01557500 (59 of 531) --- NSE: 0.7263742430185083
01567500 (60 of 531) --- NSE: 0.6989138465842197
01568000 (61 of 531) --- NSE: 0.7279813668251975
01580000 (62 of 531) --- NSE: 0.5623791560951328
01583500 (63 of 531) --- NSE: 0.40381615756335154
01586610 (64 of 531) --- NSE: 0.5583451497424703
01591400 (65 of 531) --- NSE: 0.47441582552128003
01594950 (66 of 531) --- NSE: 0.6614191485208918
01596500 (67 of 531) --- NSE: 0.6734347790580006
01605500 (68 of 531) --- NSE: 0.6218367355118
01606500 (69 of 531) --- NSE: 0.6673597536655553
01632000 (70 of 531) --- NSE: 0.5028881667235674
01632900 (71 of 531) --- NSE: 0.6095964962161292
01634500 (72 of 531) --- NSE: 0.5623833337531079
01638480 (73 of 531) --- NSE: 0.5766279755958834
01639500 (74 of 531) --- NSE: 0.6320193620587029
01644000 (75 of 531) --- NSE: 0.7148161145149422
01664000 (76 of 531) --- NSE: 0.7322805650381469
01666500 (77 of 531) --- NSE: 0.8061476362877787
01667500 (78 of 531) --- NSE: 0.797291567051263
01669000 (79 of 531) --- NSE: 0.5601132150588801
01669520 (80 of 531) --- NSE: 0.3055849501631337
02011400 (81 of 531) --- NSE: 0.7835331356595916
02013000 (82 of 531) --- NSE: 0.6551430674986947
02014000 (83 of 531) --- NSE: 0.7690558000577628
02015700 (84 of 531) --- NSE: 0.6333906603071754
02016000 (85 of 531) --- NSE: 0.6799083448741552
02017500 (86 of 531) --- NSE: 0.7768874430342073
02018000 (87 of 531) --- NSE: 0.7270914689240819
02027000 (88 of 531) --- NSE: 0.6962348753386907
02027500 (89 of 531) --- NSE: 0.5135722163613532
02028500 (90 of 531) --- NSE: 0.5975703385081802
02038850 (91 of 531) --- NSE: 0.5894558427986174
02046000 (92 of 531) --- NSE: 0.5662252543171199
02051500 (93 of 531) --- NSE: 0.5170950904141256
02053200 (94 of 531) --- NSE: 0.3117145818640761
02053800 (95 of 531) --- NSE: 0.7382474882963282
02055100 (96 of 531) --- NSE: 0.6212362600440358
02056900 (97 of 531) --- NSE: 0.7701431086158514
02059500 (98 of 531) --- NSE: 0.6649291259037333
02064000 (99 of 531) --- NSE: 0.667596494209447
02065500 (100 of 531) --- NSE: 0.6778641862947815
02069700 (101 of 531) --- NSE: 0.5104202544385651
02070000 (102 of 531) --- NSE: 0.5983556443291658
02074500 (103 of 531) --- NSE: 0.519985727941261
02077200 (104 of 531) --- NSE: 0.5145032757480685
02081500 (105 of 531) --- NSE: 0.5418985502538697
02082950 (106 of 531) --- NSE: 0.5231035754509306
02092500 (107 of 531) --- NSE: 0.3139795536555282
02096846 (108 of 531) --- NSE: 0.4852614099191288
02102908 (109 of 531) --- NSE: 0.3168329596193967
02108000 (110 of 531) --- NSE: 0.08406614557926384
02111180 (111 of 531) --- NSE: 0.8120215436063308
02111500 (112 of 531) --- NSE: 0.6891522081815837
02112120 (113 of 531) --- NSE: 0.6952978247521655
02112360 (114 of 531) --- NSE: 0.6127090364610328
02118500 (115 of 531) --- NSE: 0.7112484726851755
02125000 (116 of 531) --- NSE: 0.35046282147739694
02128000 (117 of 531) --- NSE: 0.37860278616518084
02137727 (118 of 531) --- NSE: 0.7556322934186419
02140991 (119 of 531) --- NSE: 0.786516950380935
02143000 (120 of 531) --- NSE: 0.7473341704427894
02143040 (121 of 531) --- NSE: 0.7461944128295215
02149000 (122 of 531) --- NSE: 0.7338539775821877
02152100 (123 of 531) --- NSE: 0.6445009349790272
02177000 (124 of 531) --- NSE: 0.7227923470339275
02178400 (125 of 531) --- NSE: 0.8110013736821874
02193340 (126 of 531) --- NSE: 0.5187477494681997
02196000 (127 of 531) --- NSE: 0.631180072532955
02198100 (128 of 531) --- NSE: 0.44693670469420854
02202600 (129 of 531) --- NSE: 0.5461122333163904
02212600 (130 of 531) --- NSE: 0.7122871347457935
02215100 (131 of 531) --- NSE: 0.6051478182898395
02216180 (132 of 531) --- NSE: 0.6332445238033706
02221525 (133 of 531) --- NSE: 0.7293507058633921
02231000 (134 of 531) --- NSE: 0.2282444084691676
02245500 (135 of 531) --- NSE: 0.5430493430211317
02246000 (136 of 531) --- NSE: 0.7215253329267697
02296500 (137 of 531) --- NSE: 0.7004017686343254
02297155 (138 of 531) --- NSE: 0.6114284062047486
02297310 (139 of 531) --- NSE: 0.7271523695153912
02298123 (140 of 531) --- NSE: 0.6115655578331527
02298608 (141 of 531) --- NSE: 0.6461154636831336
02299950 (142 of 531) --- NSE: 0.41934434413682276
02300700 (143 of 531) --- NSE: 0.3006615220469746
02342933 (144 of 531) --- NSE: 0.47177669145315937
02349900 (145 of 531) --- NSE: 0.7276184234706189
02350900 (146 of 531) --- NSE: -0.14347174578736488
02361000 (147 of 531) --- NSE: 0.7217039157312028
02363000 (148 of 531) --- NSE: 0.4208370222476432
02369800 (149 of 531) --- NSE: 0.6420614593666484
02371500 (150 of 531) --- NSE: 0.061528270755302206
02372250 (151 of 531) --- NSE: 0.24395012756610202
02374500 (152 of 531) --- NSE: 0.4625143210083472
02381600 (153 of 531) --- NSE: 0.43789761942503513
02384540 (154 of 531) --- NSE: 0.6215517184780512
02395120 (155 of 531) --- NSE: 0.6907304365882384
02415000 (156 of 531) --- NSE: 0.7680635478845779
02427250 (157 of 531) --- NSE: 0.7112824360284828
02430085 (158 of 531) --- NSE: 0.5942920409035778
02450250 (159 of 531) --- NSE: 0.6077068273003783
02464000 (160 of 531) --- NSE: 0.6446549649826778
02464360 (161 of 531) --- NSE: 0.6520448262758853
02465493 (162 of 531) --- NSE: 0.4447463251132229
02469800 (163 of 531) --- NSE: 0.7480234392502445
02472000 (164 of 531) --- NSE: 0.5233321098339866
02472500 (165 of 531) --- NSE: 0.5563065739681738
02479155 (166 of 531) --- NSE: 0.46129981919189955
02479300 (167 of 531) --- NSE: 0.6426908618347417
02479560 (168 of 531) --- NSE: 0.6208452463873175
02481000 (169 of 531) --- NSE: 0.5955662157159567
02481510 (170 of 531) --- NSE: 0.7598501221128244
04015330 (171 of 531) --- NSE: 0.4250033164792274
04024430 (172 of 531) --- NSE: 0.6043847022443241
04027000 (173 of 531) --- NSE: 0.7303494340393462
04040500 (174 of 531) --- NSE: 0.718742007088025
04043050 (175 of 531) --- NSE: 0.4961665648210979
04045500 (176 of 531) --- NSE: 0.4269325882177525
04057510 (177 of 531) --- NSE: 0.4584214779644782
04057800 (178 of 531) --- NSE: 0.7124760063215572
04059500 (179 of 531) --- NSE: 0.6434314692376966
04063700 (180 of 531) --- NSE: 0.30484150020931133
04074950 (181 of 531) --- NSE: -0.4478306386159301
04105700 (182 of 531) --- NSE: -4.145737231947075
04115265 (183 of 531) --- NSE: -0.5240987901873035
04122200 (184 of 531) --- NSE: -1.3522978760303435
04122500 (185 of 531) --- NSE: -1.8568318471016112
04127918 (186 of 531) --- NSE: 0.6237008152893659
04127997 (187 of 531) --- NSE: -3.070702106257264
04161580 (188 of 531) --- NSE: -0.14990662311895075
04185000 (189 of 531) --- NSE: 0.45185990876088244
04196800 (190 of 531) --- NSE: 0.5115763078328417
04197100 (191 of 531) --- NSE: 0.5603744550457634
04197170 (192 of 531) --- NSE: 0.45658203779352136
04213000 (193 of 531) --- NSE: 0.20048192060247383
04213075 (194 of 531) --- NSE: 0.1936269584503738
04216418 (195 of 531) --- NSE: 0.5179189829216032
04221000 (196 of 531) --- NSE: 0.6917431036931805
04224775 (197 of 531) --- NSE: 0.5732893216356243
04233000 (198 of 531) --- NSE: 0.6583264878854471
04256000 (199 of 531) --- NSE: 0.6788133049149723
03010655 (200 of 531) --- NSE: 0.7116404937643952
03011800 (201 of 531) --- NSE: 0.7501691544570724
03015500 (202 of 531) --- NSE: 0.6349757537881455
03021350 (203 of 531) --- NSE: 0.3359443834502367
03026500 (204 of 531) --- NSE: 0.7297883630708197
03028000 (205 of 531) --- NSE: 0.7736347312181588
03049000 (206 of 531) --- NSE: 0.7118797263907638
03049800 (207 of 531) --- NSE: 0.4460352322681591
03050000 (208 of 531) --- NSE: 0.6465696736958335
03069500 (209 of 531) --- NSE: 0.7129538913251657
03070500 (210 of 531) --- NSE: 0.6401985593912347
03076600 (211 of 531) --- NSE: 0.7541644569079761
03078000 (212 of 531) --- NSE: 0.6986187031016575
03140000 (213 of 531) --- NSE: 0.5841167185986227
03144000 (214 of 531) --- NSE: 0.6335568479848825
03170000 (215 of 531) --- NSE: 0.6973096220068762
03173000 (216 of 531) --- NSE: 0.7013293460116024
03180500 (217 of 531) --- NSE: 0.7203923550275568
03182500 (218 of 531) --- NSE: 0.7065143591435414
03186500 (219 of 531) --- NSE: 0.6340329668659626
03237280 (220 of 531) --- NSE: 0.41326542187840076
03237500 (221 of 531) --- NSE: 0.5663046828734968
03238500 (222 of 531) --- NSE: 0.4777319953007706
03241500 (223 of 531) --- NSE: 0.7352013328576907
03280700 (224 of 531) --- NSE: 0.6112055213775358
03281500 (225 of 531) --- NSE: 0.674200354449335
03285000 (226 of 531) --- NSE: 0.5829451259838337
03291780 (227 of 531) --- NSE: 0.5439496937065675
03338780 (228 of 531) --- NSE: 0.6710849880908111
03340800 (229 of 531) --- NSE: 0.7605827313139633
03346000 (230 of 531) --- NSE: 0.6663887040161866
03364500 (231 of 531) --- NSE: 0.6749750495904325
03366500 (232 of 531) --- NSE: 0.6979398151548153
03368000 (233 of 531) --- NSE: 0.46968819230476744
03384450 (234 of 531) --- NSE: 0.4884358706395415
03439000 (235 of 531) --- NSE: 0.7417735937161092
03455500 (236 of 531) --- NSE: 0.636067233738317
03456500 (237 of 531) --- NSE: 0.6988618108533153
03460000 (238 of 531) --- NSE: 0.7718696674130936
03463300 (239 of 531) --- NSE: 0.41831975989200376
03471500 (240 of 531) --- NSE: 0.6794136133018955
03473000 (241 of 531) --- NSE: 0.7550165096745531
03479000 (242 of 531) --- NSE: 0.6639236391147167
03488000 (243 of 531) --- NSE: 0.6897373458471042
03498500 (244 of 531) --- NSE: 0.7420974306258963
03500000 (245 of 531) --- NSE: 0.7245624611120975
03500240 (246 of 531) --- NSE: 0.8441695762046901
03504000 (247 of 531) --- NSE: 0.6672899511980837
03574500 (248 of 531) --- NSE: 0.5640301048912264
03592718 (249 of 531) --- NSE: 0.6441648991404902
03604000 (250 of 531) --- NSE: 0.7366722832639483
05291000 (251 of 531) --- NSE: 0.374087930918259
05362000 (252 of 531) --- NSE: 0.5662118391302905
05393500 (253 of 531) --- NSE: 0.5250485470837327
05399500 (254 of 531) --- NSE: 0.33316441629826044
05408000 (255 of 531) --- NSE: -0.17745724869208312
05413500 (256 of 531) --- NSE: -0.2699204548943994
05414000 (257 of 531) --- NSE: 0.16302469435243538
05444000 (258 of 531) --- NSE: 0.4818142658974396
05454000 (259 of 531) --- NSE: 0.6305055256327512
05458000 (260 of 531) --- NSE: 0.5820174355910873
05466500 (261 of 531) --- NSE: 0.5431654714966369
05487980 (262 of 531) --- NSE: 0.6237656501905482
05488200 (263 of 531) --- NSE: 0.5710292769130596
05489000 (264 of 531) --- NSE: 0.6200666204616646
05495000 (265 of 531) --- NSE: 0.6638701821337669
05495500 (266 of 531) --- NSE: 0.633032209057262
05501000 (267 of 531) --- NSE: 0.6987034245666346
05503800 (268 of 531) --- NSE: 0.5778265987665978
05507600 (269 of 531) --- NSE: 0.5445539176707663
05508805 (270 of 531) --- NSE: 0.668240779476907
05525500 (271 of 531) --- NSE: 0.6243324120963971
05556500 (272 of 531) --- NSE: 0.6816185969121529
05584500 (273 of 531) --- NSE: 0.5469182883999877
05591550 (274 of 531) --- NSE: 0.708757353914935
05592050 (275 of 531) --- NSE: 0.7029365890807027
05592575 (276 of 531) --- NSE: 0.5530783728241664
05593575 (277 of 531) --- NSE: 0.6508208486405498
05593900 (278 of 531) --- NSE: 0.5882246914391063
05595730 (279 of 531) --- NSE: 0.610547455791658
07291000 (280 of 531) --- NSE: 0.3784040459756395
07359610 (281 of 531) --- NSE: 0.6462743489910708
07362100 (282 of 531) --- NSE: 0.4189057094209301
07362587 (283 of 531) --- NSE: 0.4753058215852586
07375000 (284 of 531) --- NSE: 0.4338877622625349
08013000 (285 of 531) --- NSE: 0.28410120085243296
08014500 (286 of 531) --- NSE: 0.029449602307371148
05057200 (287 of 531) --- NSE: 0.4648049184338108
05120500 (288 of 531) --- NSE: 0.2913448277274149
06221400 (289 of 531) --- NSE: 0.7289725792220276
06224000 (290 of 531) --- NSE: 0.8354154927462847
06278300 (291 of 531) --- NSE: 0.47462048880717034
06280300 (292 of 531) --- NSE: 0.5425508044939918
06289000 (293 of 531) --- NSE: 0.5699542065479173
06291500 (294 of 531) --- NSE: 0.46071049327134106
06311000 (295 of 531) --- NSE: -0.2926163992679507
06332515 (296 of 531) --- NSE: 0.1704904877022423
06339100 (297 of 531) --- NSE: 0.12911581465236066
06344600 (298 of 531) --- NSE: 0.13253667850665773
06350000 (299 of 531) --- NSE: 0.11163546586736062
06352000 (300 of 531) --- NSE: 0.12195830127858664
06404000 (301 of 531) --- NSE: 0.39212239256929404
06406000 (302 of 531) --- NSE: 0.40861178614354565
06409000 (303 of 531) --- NSE: -0.738094602321899
06431500 (304 of 531) --- NSE: -1.3580333722152842
06440200 (305 of 531) --- NSE: 0.14017466729018369
06447500 (306 of 531) --- NSE: 0.22743187060810732
06470800 (307 of 531) --- NSE: 0.2685894800996095
06477500 (308 of 531) --- NSE: 0.34622560131040636
06479215 (309 of 531) --- NSE: 0.387669671183525
06601000 (310 of 531) --- NSE: -0.07448104940819511
06614800 (311 of 531) --- NSE: 0.8354290918747742
06622700 (312 of 531) --- NSE: 0.7737037047922692
06623800 (313 of 531) --- NSE: 0.7666983366213179
06632400 (314 of 531) --- NSE: 0.8452300030053066
06746095 (315 of 531) --- NSE: 0.6327953296891036
06803510 (316 of 531) --- NSE: 0.5026116793687371
06803530 (317 of 531) --- NSE: 0.4874721830274671
06814000 (318 of 531) --- NSE: 0.5896923010707411
06847900 (319 of 531) --- NSE: -0.04607033078166922
06853800 (320 of 531) --- NSE: 0.26004552737776854
06876700 (321 of 531) --- NSE: -0.5076943520494708
06878000 (322 of 531) --- NSE: 0.441950240846535
06879650 (323 of 531) --- NSE: 0.43898655353641225
06885500 (324 of 531) --- NSE: 0.6580370488889391
06888500 (325 of 531) --- NSE: 0.5770557275585428
06889200 (326 of 531) --- NSE: 0.45183211762203146
06889500 (327 of 531) --- NSE: 0.6408108552515768
06892000 (328 of 531) --- NSE: 0.6442167571251836
06903400 (329 of 531) --- NSE: 0.5921871995071575
06906800 (330 of 531) --- NSE: 0.6036518501138805
06910800 (331 of 531) --- NSE: 0.6978001892533872
06911900 (332 of 531) --- NSE: 0.670608664741325
06917000 (333 of 531) --- NSE: 0.7708810539328521
06918460 (334 of 531) --- NSE: 0.5114386065748293
06919500 (335 of 531) --- NSE: 0.5905871871313744
06921070 (336 of 531) --- NSE: 0.7495924040105288
06921200 (337 of 531) --- NSE: 0.6181931482584118
07057500 (338 of 531) --- NSE: 0.5289835070246042
07060710 (339 of 531) --- NSE: 0.5731217277742822
07066000 (340 of 531) --- NSE: 0.5597637615026091
07083000 (341 of 531) --- NSE: 0.8779641257416017
07142300 (342 of 531) --- NSE: -31.716829773007376
07145700 (343 of 531) --- NSE: 0.5822393233994385
07167500 (344 of 531) --- NSE: 0.582869772880469
07180500 (345 of 531) --- NSE: 0.5672663370415205
07184000 (346 of 531) --- NSE: 0.5770661380306812
07195800 (347 of 531) --- NSE: 0.5444046983195343
07196900 (348 of 531) --- NSE: 0.5884413245625393
07197000 (349 of 531) --- NSE: 0.8104103228218492
07208500 (350 of 531) --- NSE: 0.5989276861432689
07261000 (351 of 531) --- NSE: 0.7217973175887407
07263295 (352 of 531) --- NSE: 0.5472901740550649
07299670 (353 of 531) --- NSE: 0.33975603628498374
07301410 (354 of 531) --- NSE: -4.9413032519409645
07315200 (355 of 531) --- NSE: 0.357978224089618
07315700 (356 of 531) --- NSE: 0.4170323358810548
07335700 (357 of 531) --- NSE: 0.5577398867214363
07340300 (358 of 531) --- NSE: 0.613546768039906
07346045 (359 of 531) --- NSE: -0.1264950046390494
08023080 (360 of 531) --- NSE: 0.6036376147980902
08050800 (361 of 531) --- NSE: 0.4071427958609448
08066200 (362 of 531) --- NSE: 0.42633607154295505
08066300 (363 of 531) --- NSE: 0.2008201332976267
08070000 (364 of 531) --- NSE: 0.5434196331024753
08070200 (365 of 531) --- NSE: 0.4383552206921514
08082700 (366 of 531) --- NSE: 0.34743010766266236
08086212 (367 of 531) --- NSE: 0.3906999101303086
08086290 (368 of 531) --- NSE: 0.5579315533078981
08101000 (369 of 531) --- NSE: 0.5572460186632704
08103900 (370 of 531) --- NSE: 0.4392881729971244
08104900 (371 of 531) --- NSE: 0.3029736053090887
08109700 (372 of 531) --- NSE: 0.5431574870720638
08150800 (373 of 531) --- NSE: 0.13301861717791064
08158700 (374 of 531) --- NSE: 0.5082093761113435
08158810 (375 of 531) --- NSE: 0.4343297362778833
08164300 (376 of 531) --- NSE: 0.35534741755233423
08164600 (377 of 531) --- NSE: 0.4237295341591032
08165300 (378 of 531) --- NSE: -0.3327144464982681
08171300 (379 of 531) --- NSE: 0.4791674784883173
08175000 (380 of 531) --- NSE: 0.537609158788605
08176900 (381 of 531) --- NSE: 0.4210941061937751
08178880 (382 of 531) --- NSE: 0.5174437237359195
08189500 (383 of 531) --- NSE: 0.3273451764899862
08190000 (384 of 531) --- NSE: 0.2595453941500516
08190500 (385 of 531) --- NSE: -0.04753734050310432
08194200 (386 of 531) --- NSE: 0.330362248587202
08195000 (387 of 531) --- NSE: 0.07149253684888812
08196000 (388 of 531) --- NSE: 0.04307849774917338
08198500 (389 of 531) --- NSE: 0.6344105917332784
08200000 (390 of 531) --- NSE: 0.46710794709060033
08202700 (391 of 531) --- NSE: 0.10983923112242
08267500 (392 of 531) --- NSE: 0.7444815706946193
08269000 (393 of 531) --- NSE: 0.7595935435040987
08271000 (394 of 531) --- NSE: 0.7857530611929009
08324000 (395 of 531) --- NSE: 0.5196822814921284
08377900 (396 of 531) --- NSE: 0.5830457533631889
08378500 (397 of 531) --- NSE: 0.7105839052752514
08380500 (398 of 531) --- NSE: 0.3306839082699399
09035800 (399 of 531) --- NSE: -0.09128512112670051
09035900 (400 of 531) --- NSE: 0.8902185407844513
09047700 (401 of 531) --- NSE: -0.4453612295347964
09065500 (402 of 531) --- NSE: 0.7168085588435149
09066000 (403 of 531) --- NSE: 0.6366570904373279
09066200 (404 of 531) --- NSE: 0.6380051638266008
09066300 (405 of 531) --- NSE: 0.7781094255340868
09081600 (406 of 531) --- NSE: 0.8976537849008104
09107000 (407 of 531) --- NSE: -0.27644425668551986
09210500 (408 of 531) --- NSE: 0.830449803921928
09223000 (409 of 531) --- NSE: 0.7330371616955909
09306242 (410 of 531) --- NSE: -3.5561699086857717
09312600 (411 of 531) --- NSE: 0.5816646345348248
09352900 (412 of 531) --- NSE: 0.555999247688433
09378170 (413 of 531) --- NSE: 0.544551590654899
09386900 (414 of 531) --- NSE: 0.20761164796047926
09404450 (415 of 531) --- NSE: 0.49599057811202796
09430600 (416 of 531) --- NSE: 0.12697277610140933
09447800 (417 of 531) --- NSE: -0.3987598052775585
09484600 (418 of 531) --- NSE: 0.07319849803681544
09492400 (419 of 531) --- NSE: 0.37463370973741394
09494000 (420 of 531) --- NSE: 0.47460941853430627
09497980 (421 of 531) --- NSE: 0.7701171822858093
09505350 (422 of 531) --- NSE: 0.4736207562592474
09505800 (423 of 531) --- NSE: 0.4729446903371294
09508300 (424 of 531) --- NSE: 0.27040608194096205
09510200 (425 of 531) --- NSE: 0.7218532566924171
09512280 (426 of 531) --- NSE: 0.27673285749463417
09513780 (427 of 531) --- NSE: 0.2956673345853871
10234500 (428 of 531) --- NSE: 0.6312894980215771
10244950 (429 of 531) --- NSE: 0.455272122049147
10336645 (430 of 531) --- NSE: 0.4840376957286038
10336660 (431 of 531) --- NSE: 0.26663177729014376
10343500 (432 of 531) --- NSE: 0.5627278556452322
12010000 (433 of 531) --- NSE: 0.7911913251668344
12013500 (434 of 531) --- NSE: 0.8744241076752919
12020000 (435 of 531) --- NSE: 0.4854387235928932
12025700 (436 of 531) --- NSE: 0.7514602339229328
12035000 (437 of 531) --- NSE: 0.8115809718460578
12040500 (438 of 531) --- NSE: 0.7622068688938101
12041200 (439 of 531) --- NSE: 0.7481211153941094
12048000 (440 of 531) --- NSE: 0.30729652903603977
12054000 (441 of 531) --- NSE: 0.3258879535780046
12056500 (442 of 531) --- NSE: 0.5086924864757202
12073500 (443 of 531) --- NSE: 0.6254606523415671
12082500 (444 of 531) --- NSE: 0.586973112037277
12092000 (445 of 531) --- NSE: 0.6071871599524465
12114500 (446 of 531) --- NSE: 0.5970406154687928
12115000 (447 of 531) --- NSE: 0.6732417786748296
12117000 (448 of 531) --- NSE: 0.7890860026570978
12143600 (449 of 531) --- NSE: 0.6810895801250109
12144000 (450 of 531) --- NSE: 0.7424720676540848
12145500 (451 of 531) --- NSE: 0.8348244024430258
12147500 (452 of 531) --- NSE: 0.5474363925697073
12167000 (453 of 531) --- NSE: 0.7404107527237351
12175500 (454 of 531) --- NSE: 0.48617846315574864
12178100 (455 of 531) --- NSE: 0.5304914713894677
12186000 (456 of 531) --- NSE: 0.6272108645908969
12189500 (457 of 531) --- NSE: 0.7536338724203585
12375900 (458 of 531) --- NSE: 0.8052137003961658
12377150 (459 of 531) --- NSE: 0.6912163871054817
12381400 (460 of 531) --- NSE: 0.7414150202062748
12383500 (461 of 531) --- NSE: 0.43405243006702543
12390700 (462 of 531) --- NSE: 0.7501832052105043
12411000 (463 of 531) --- NSE: 0.6638087290296042
12447390 (464 of 531) --- NSE: 0.6925678352004532
12451000 (465 of 531) --- NSE: 0.587551946905583
12488500 (466 of 531) --- NSE: 0.6437566613596788
13011500 (467 of 531) --- NSE: 0.7646591118603283
13011900 (468 of 531) --- NSE: 0.8058442717868793
13018300 (469 of 531) --- NSE: 0.7819490023939959
13023000 (470 of 531) --- NSE: 0.8765285772240856
13161500 (471 of 531) --- NSE: 0.7507215392017001
13235000 (472 of 531) --- NSE: 0.8200342305054218
13240000 (473 of 531) --- NSE: 0.6883121924074926
13313000 (474 of 531) --- NSE: 0.8731590019108775
13331500 (475 of 531) --- NSE: 0.8130162448383211
14020000 (476 of 531) --- NSE: 0.7391953771371472
14096850 (477 of 531) --- NSE: 0.7602561647672791
14137000 (478 of 531) --- NSE: 0.7845424609536121
14138800 (479 of 531) --- NSE: 0.6262769027985011
14138870 (480 of 531) --- NSE: 0.7490419837458753
14138900 (481 of 531) --- NSE: 0.6507313708388351
14139800 (482 of 531) --- NSE: 0.7297901701183285
14141500 (483 of 531) --- NSE: 0.790062327768778
14154500 (484 of 531) --- NSE: 0.8491346378440265
14158790 (485 of 531) --- NSE: 0.7072553527275542
14166500 (486 of 531) --- NSE: 0.7781662143596139
14182500 (487 of 531) --- NSE: 0.7121228492502584
14185000 (488 of 531) --- NSE: 0.8443582191890302
14185900 (489 of 531) --- NSE: 0.7694235101404181
14187000 (490 of 531) --- NSE: 0.8701384601696251
14216500 (491 of 531) --- NSE: 0.7124228359379174
14222500 (492 of 531) --- NSE: 0.7643874325965296
14236200 (493 of 531) --- NSE: 0.7038531333371643
14301000 (494 of 531) --- NSE: 0.8579342700111721
14303200 (495 of 531) --- NSE: 0.8036140366793671
14305500 (496 of 531) --- NSE: 0.8147282392199775
14306340 (497 of 531) --- NSE: 0.8110889105318102
14306500 (498 of 531) --- NSE: 0.8927460653071302
14308990 (499 of 531) --- NSE: 0.5397046603023641
14309500 (500 of 531) --- NSE: 0.8294019089534648
14316700 (501 of 531) --- NSE: 0.7680742093995581
14325000 (502 of 531) --- NSE: 0.8468646324027518
14362250 (503 of 531) --- NSE: 0.6808898874045357
14400000 (504 of 531) --- NSE: 0.8120070231409575
10259000 (505 of 531) --- NSE: 0.2003025648757054
11124500 (506 of 531) --- NSE: 0.6743701784371908
11141280 (507 of 531) --- NSE: 0.7394973449651339
11143000 (508 of 531) --- NSE: 0.6037173368947576
11148900 (509 of 531) --- NSE: 0.21962108593868435
11151300 (510 of 531) --- NSE: 0.6873689815641695
11176400 (511 of 531) --- NSE: 0.4251740906777437
11230500 (512 of 531) --- NSE: 0.8817565319259705
11237500 (513 of 531) --- NSE: 0.7409170438282983
11264500 (514 of 531) --- NSE: 0.8271254564559125
11266500 (515 of 531) --- NSE: 0.8093484575347135
11284400 (516 of 531) --- NSE: 0.6597843373472362
11381500 (517 of 531) --- NSE: 0.7361133142493694
11451100 (518 of 531) --- NSE: 0.46028031880912135
11468500 (519 of 531) --- NSE: 0.8376412505348148
11473900 (520 of 531) --- NSE: 0.882731338977139
11475560 (521 of 531) --- NSE: 0.7579308858997578
11476600 (522 of 531) --- NSE: 0.8712983361548289
11478500 (523 of 531) --- NSE: 0.7314906466268845
11480390 (524 of 531) --- NSE: 0.7942851223594242
11481200 (525 of 531) --- NSE: 0.707510110959042
11482500 (526 of 531) --- NSE: 0.8768421096592756
11522500 (527 of 531) --- NSE: 0.8070363625931813
11523200 (528 of 531) --- NSE: 0.7019418856340616
11528700 (529 of 531) --- NSE: 0.8846050053521564
11532500 (530 of 531) --- NSE: 0.8838230727924714
Mean NSE:  0.4525620431825751
Median NSE:  0.6262769027985011
Num Failures:  27
